#
# A fatal error has been detected by the Java Runtime Environment:
#
#  EXCEPTION_ACCESS_VIOLATION (0xc0000005) at pc=0x0000000061c5d430, pid=8484, tid=0x00000000000021ec
#
# JRE version: OpenJDK Runtime Environment (8.0_152-b02) (build 1.8.0_152-release-1024-b02)
# Java VM: OpenJDK 64-Bit Server VM (25.152-b02 mixed mode windows-amd64 compressed oops)
# Problematic frame:
# V  [jvm.dll+0x46d430]
#
# Failed to write core dump. Minidumps are not enabled by default on client versions of Windows
#
# If you would like to submit a bug report, please visit:
#   http://bugreport.java.com/bugreport/crash.jsp
#

---------------  T H R E A D  ---------------

Current thread (0x000000001697a800):  JavaThread "C2 CompilerThread0" daemon [_thread_in_native, id=8684, stack(0x00000000182c0000,0x00000000183c0000)]

siginfo: ExceptionCode=0xc0000005, reading address 0x0000000021fb5090

Registers:
RAX=0x0000000000000000, RBX=0x000000000000171f, RCX=0x0000000021fb5090, RDX=0x0000000000000000
RSP=0x00000000183bc580, RBP=0x0000000000000032, RSI=0x0000000000000190, RDI=0x00000000183bc5e0
R8 =0x0000000000000000, R9 =0x0000000080000000, R10=0x0000000061fb5090, R11=0x00000000617f0000
R12=0x000000001b118ce8, R13=0x000000001cfe92c0, R14=0x0000000000027380, R15=0x0000000000000001
RIP=0x0000000061c5d430, EFLAGS=0x0000000000010246

Top of Stack: (sp=0x00000000183bc580)
0x00000000183bc580:   0000000019f67228 0000000000000010
0x00000000183bc590:   000000001b148508 0000000061c5cf4c
0x00000000183bc5a0:   000000000000171f 0000000061c76775
0x00000000183bc5b0:   0000000019f67228 000000000000171f
0x00000000183bc5c0:   000000001ccfcf80 0000000000000017
0x00000000183bc5d0:   000000001cfe92c0 000000001b118ce8
0x00000000183bc5e0:   0000172400000000 0000000000000001
0x00000000183bc5f0:   0000000021fb5090 0000000000000018
0x00000000183bc600:   000000001cf57cc0 0000000000000037
0x00000000183bc610:   0000000019f67228 0000000061ceb61e
0x00000000183bc620:   000000001c03d5e0 00000000183bc7e0
0x00000000183bc630:   0000000000000000 0000000000000001
0x00000000183bc640:   0000000000000008 000000001c03d490
0x00000000183bc650:   0000000000000001 0000000061c76fce
0x00000000183bc660:   00000000183bc7e0 000000001c03d5e0
0x00000000183bc670:   0000000019f67228 00000000183bc6b0 

Instructions: (pc=0x0000000061c5d430)
0x0000000061c5d410:   48 8b 4f 20 48 39 04 0e 0f 84 9d 00 00 00 48 8b
0x0000000061c5d420:   0c 0e 33 d2 33 c0 48 89 4f 10 66 0f 1f 44 00 00
0x0000000061c5d430:   83 3c 08 00 0f 85 36 01 00 00 ff c2 48 83 c0 04
0x0000000061c5d440:   83 fa 08 72 eb 48 8b 47 30 48 89 44 24 30 48 85 


Register to memory mapping:

RAX=0x0000000000000000 is an unknown value
RBX=0x000000000000171f is an unknown value
RCX=0x0000000021fb5090 is an unknown value
RDX=0x0000000000000000 is an unknown value
RSP=0x00000000183bc580 is pointing into the stack for thread: 0x000000001697a800
RBP=0x0000000000000032 is an unknown value
RSI=0x0000000000000190 is an unknown value
RDI=0x00000000183bc5e0 is pointing into the stack for thread: 0x000000001697a800
R8 =0x0000000000000000 is an unknown value
R9 =0x0000000080000000 is an unknown value
R10=0x0000000061fb5090 is an unknown value
R11=0x00000000617f0000 is an unknown value
R12=0x000000001b118ce8 is an unknown value
R13=0x000000001cfe92c0 is an unknown value
R14=0x0000000000027380 is an unknown value
R15=0x0000000000000001 is an unknown value


Stack: [0x00000000182c0000,0x00000000183c0000],  sp=0x00000000183bc580,  free space=1009k
Native frames: (J=compiled Java code, j=interpreted, Vv=VM code, C=native code)
V  [jvm.dll+0x46d430]
V  [jvm.dll+0x486775]
V  [jvm.dll+0x486fce]
V  [jvm.dll+0x434aa8]
V  [jvm.dll+0x43f76b]
V  [jvm.dll+0x44203e]
V  [jvm.dll+0x4250b2]
V  [jvm.dll+0x814c8]
V  [jvm.dll+0x81dff]
V  [jvm.dll+0x21d2df]
V  [jvm.dll+0x26d7ea]
C  [msvcr100.dll+0x21d9f]
C  [msvcr100.dll+0x21e3b]
C  [KERNEL32.DLL+0x8364]
C  [ntdll.dll+0x6e851]


Current CompileTask:
C2:   4086 1345   !   4       java.net.URLClassLoader$1::run (63 bytes)


---------------  P R O C E S S  ---------------

Java Threads: ( => current thread )
  0x000000001c01d800 JavaThread "Cache worker for file hash cache (C:\Users\IamCc\Desktop\FinalHomework\Android\hdb_remarks\.gradle\4.4\fileHashes)" [_thread_blocked, id=6560, stack(0x000000001d240000,0x000000001d340000)]
  0x000000001b84d000 JavaThread "File lock request listener" [_thread_in_native, id=6316, stack(0x000000001c170000,0x000000001c270000)]
  0x0000000019701000 JavaThread "Cache worker for file hash cache (C:\Users\IamCc\.gradle\caches\4.4\fileHashes)" [_thread_blocked, id=8640, stack(0x000000001c070000,0x000000001c170000)]
  0x00000000196eb000 JavaThread "Stdin handler" [_thread_blocked, id=3700, stack(0x000000001ada0000,0x000000001aea0000)]
  0x00000000196d5000 JavaThread "Asynchronous log dispatcher for DefaultDaemonConnection: socket connection from /127.0.0.1:49857 to /127.0.0.1:49858" [_thread_blocked, id=8836, stack(0x000000001aca0000,0x000000001ada0000)]
  0x00000000196ca000 JavaThread "Daemon worker" [_thread_in_vm, id=8852, stack(0x000000001aba0000,0x000000001aca0000)]
  0x00000000196c4000 JavaThread "Cancel handler" [_thread_blocked, id=8856, stack(0x000000001aaa0000,0x000000001aba0000)]
  0x0000000019685000 JavaThread "Handler for socket connection from /127.0.0.1:49857 to /127.0.0.1:49858" [_thread_in_native, id=8816, stack(0x000000001a7a0000,0x000000001a8a0000)]
  0x0000000019682800 JavaThread "Daemon" [_thread_blocked, id=8876, stack(0x000000001a6a0000,0x000000001a7a0000)]
  0x000000001965d000 JavaThread "Daemon periodic checks" [_thread_blocked, id=8864, stack(0x000000001a5a0000,0x000000001a6a0000)]
  0x0000000019659000 JavaThread "Incoming local TCP Connector on port 49857" [_thread_in_native, id=8868, stack(0x000000001a190000,0x000000001a290000)]
  0x0000000017d20800 JavaThread "Service Thread" daemon [_thread_blocked, id=684, stack(0x00000000185c0000,0x00000000186c0000)]
  0x0000000017d1a800 JavaThread "C1 CompilerThread2" daemon [_thread_blocked, id=8724, stack(0x00000000184c0000,0x00000000185c0000)]
  0x0000000017d18000 JavaThread "C2 CompilerThread1" daemon [_thread_in_native, id=8668, stack(0x00000000183c0000,0x00000000184c0000)]
=>0x000000001697a800 JavaThread "C2 CompilerThread0" daemon [_thread_in_native, id=8684, stack(0x00000000182c0000,0x00000000183c0000)]
  0x00000000169c9800 JavaThread "Attach Listener" daemon [_thread_blocked, id=8688, stack(0x00000000181c0000,0x00000000182c0000)]
  0x0000000017cc8800 JavaThread "Signal Dispatcher" daemon [_thread_blocked, id=8692, stack(0x00000000180c0000,0x00000000181c0000)]
  0x0000000016957000 JavaThread "Finalizer" daemon [_thread_blocked, id=8652, stack(0x0000000017bc0000,0x0000000017cc0000)]
  0x0000000002f41000 JavaThread "Reference Handler" daemon [_thread_blocked, id=8672, stack(0x0000000017ac0000,0x0000000017bc0000)]
  0x0000000002ffd800 JavaThread "main" [_thread_blocked, id=8636, stack(0x00000000029b0000,0x0000000002ab0000)]

Other Threads:
  0x0000000016935800 VMThread [stack: 0x00000000179c0000,0x0000000017ac0000] [id=8676]
  0x0000000017d21800 WatcherThread [stack: 0x00000000186c0000,0x00000000187c0000] [id=2064]

VM state:not at safepoint (normal execution)

VM Mutex/Monitor currently owned by a thread: None

Heap:
 PSYoungGen      total 38400K, used 26751K [0x00000000e0000000, 0x00000000e2a80000, 0x0000000100000000)
  eden space 33280K, 65% used [0x00000000e0000000,0x00000000e15227c8,0x00000000e2080000)
  from space 5120K, 99% used [0x00000000e2080000,0x00000000e257d558,0x00000000e2580000)
  to   space 5120K, 0% used [0x00000000e2580000,0x00000000e2580000,0x00000000e2a80000)
 ParOldGen       total 87552K, used 2822K [0x00000000a0000000, 0x00000000a5580000, 0x00000000e0000000)
  object space 87552K, 3% used [0x00000000a0000000,0x00000000a02c1bc0,0x00000000a5580000)
 Metaspace       used 16506K, capacity 16866K, committed 17152K, reserved 1064960K
  class space    used 2348K, capacity 2479K, committed 2560K, reserved 1048576K

Card table byte_map: [0x00000000123c0000,0x00000000126d0000] byte_map_base: 0x0000000011ec0000

Marking Bits: (ParMarkBitMap*) 0x0000000061fb4970
 Begin Bits: [0x0000000012cd0000, 0x00000000144d0000)
 End Bits:   [0x00000000144d0000, 0x0000000015cd0000)

Polling page: 0x0000000002ab0000

CodeCache: size=245760Kb used=5190Kb max_used=5190Kb free=240569Kb
 bounds [0x0000000003000000, 0x0000000003520000, 0x0000000012000000]
 total_blobs=1864 nmethods=1489 adapters=288
 compilation: enabled

Compilation events (10 events):
Event: 4.051 Thread 0x0000000017d1a800 1484       3       org.objectweb.asm.Item::<init> (66 bytes)
Event: 4.051 Thread 0x0000000017d1a800 nmethod 1484 0x000000000350b390 code [0x000000000350b500, 0x000000000350b730]
Event: 4.051 Thread 0x0000000017d1a800 1486       3       org.objectweb.asm.Frame::push (110 bytes)
Event: 4.052 Thread 0x0000000017d1a800 nmethod 1486 0x000000000350b810 code [0x000000000350b9a0, 0x000000000350be58]
Event: 4.052 Thread 0x0000000017d1a800 1488       3       org.gradle.internal.service.DefaultServiceRegistry$OwnServices::add (109 bytes)
Event: 4.053 Thread 0x0000000017d1a800 nmethod 1488 0x000000000350c010 code [0x000000000350c2e0, 0x000000000350d908]
Event: 4.053 Thread 0x0000000017d1a800 1489       3       org.gradle.internal.service.DefaultServiceRegistry::access$1000 (5 bytes)
Event: 4.053 Thread 0x0000000017d1a800 nmethod 1489 0x000000000350e390 code [0x000000000350e500, 0x000000000350e668]
Event: 4.057 Thread 0x0000000017d1a800 1490       3       sun.reflect.Reflection::filter (220 bytes)
Event: 4.058 Thread 0x0000000017d1a800 nmethod 1490 0x000000000350e710 code [0x000000000350e920, 0x000000000350f508]

GC Heap History (6 events):
Event: 1.550 GC heap before
{Heap before GC invocations=1 (full 0):
 PSYoungGen      total 38400K, used 33280K [0x00000000e0000000, 0x00000000e2a80000, 0x0000000100000000)
  eden space 33280K, 100% used [0x00000000e0000000,0x00000000e2080000,0x00000000e2080000)
  from space 5120K, 0% used [0x00000000e2580000,0x00000000e2580000,0x00000000e2a80000)
  to   space 5120K, 0% used [0x00000000e2080000,0x00000000e2080000,0x00000000e2580000)
 ParOldGen       total 87552K, used 0K [0x00000000a0000000, 0x00000000a5580000, 0x00000000e0000000)
  object space 87552K, 0% used [0x00000000a0000000,0x00000000a0000000,0x00000000a5580000)
 Metaspace       used 6964K, capacity 7192K, committed 7424K, reserved 1056768K
  class space    used 845K, capacity 909K, committed 1024K, reserved 1048576K
Event: 1.556 GC heap after
Heap after GC invocations=1 (full 0):
 PSYoungGen      total 38400K, used 4431K [0x00000000e0000000, 0x00000000e2a80000, 0x0000000100000000)
  eden space 33280K, 0% used [0x00000000e0000000,0x00000000e0000000,0x00000000e2080000)
  from space 5120K, 86% used [0x00000000e2080000,0x00000000e24d3e00,0x00000000e2580000)
  to   space 5120K, 0% used [0x00000000e2580000,0x00000000e2580000,0x00000000e2a80000)
 ParOldGen       total 87552K, used 8K [0x00000000a0000000, 0x00000000a5580000, 0x00000000e0000000)
  object space 87552K, 0% used [0x00000000a0000000,0x00000000a0002000,0x00000000a5580000)
 Metaspace       used 6964K, capacity 7192K, committed 7424K, reserved 1056768K
  class space    used 845K, capacity 909K, committed 1024K, reserved 1048576K
}
Event: 2.931 GC heap before
{Heap before GC invocations=2 (full 0):
 PSYoungGen      total 38400K, used 37711K [0x00000000e0000000, 0x00000000e2a80000, 0x0000000100000000)
  eden space 33280K, 100% used [0x00000000e0000000,0x00000000e2080000,0x00000000e2080000)
  from space 5120K, 86% used [0x00000000e2080000,0x00000000e24d3e00,0x00000000e2580000)
  to   space 5120K, 0% used [0x00000000e2580000,0x00000000e2580000,0x00000000e2a80000)
 ParOldGen       total 87552K, used 8K [0x00000000a0000000, 0x00000000a5580000, 0x00000000e0000000)
  object space 87552K, 0% used [0x00000000a0000000,0x00000000a0002000,0x00000000a5580000)
 Metaspace       used 11453K, capacity 11790K, committed 11904K, reserved 1058816K
  class space    used 1513K, capacity 1631K, committed 1664K, reserved 1048576K
Event: 2.944 GC heap after
Heap after GC invocations=2 (full 0):
 PSYoungGen      total 38400K, used 5114K [0x00000000e0000000, 0x00000000e2a80000, 0x0000000100000000)
  eden space 33280K, 0% used [0x00000000e0000000,0x00000000e0000000,0x00000000e2080000)
  from space 5120K, 99% used [0x00000000e2580000,0x00000000e2a7e878,0x00000000e2a80000)
  to   space 5120K, 0% used [0x00000000e2080000,0x00000000e2080000,0x00000000e2580000)
 ParOldGen       total 87552K, used 681K [0x00000000a0000000, 0x00000000a5580000, 0x00000000e0000000)
  object space 87552K, 0% used [0x00000000a0000000,0x00000000a00aa588,0x00000000a5580000)
 Metaspace       used 11453K, capacity 11790K, committed 11904K, reserved 1058816K
  class space    used 1513K, capacity 1631K, committed 1664K, reserved 1048576K
}
Event: 3.731 GC heap before
{Heap before GC invocations=3 (full 0):
 PSYoungGen      total 38400K, used 38394K [0x00000000e0000000, 0x00000000e2a80000, 0x0000000100000000)
  eden space 33280K, 100% used [0x00000000e0000000,0x00000000e2080000,0x00000000e2080000)
  from space 5120K, 99% used [0x00000000e2580000,0x00000000e2a7e878,0x00000000e2a80000)
  to   space 5120K, 0% used [0x00000000e2080000,0x00000000e2080000,0x00000000e2580000)
 ParOldGen       total 87552K, used 681K [0x00000000a0000000, 0x00000000a5580000, 0x00000000e0000000)
  object space 87552K, 0% used [0x00000000a0000000,0x00000000a00aa588,0x00000000a5580000)
 Metaspace       used 14513K, capacity 15010K, committed 15232K, reserved 1062912K
  class space    used 2020K, capacity 2159K, committed 2176K, reserved 1048576K
Event: 3.745 GC heap after
Heap after GC invocations=3 (full 0):
 PSYoungGen      total 38400K, used 5109K [0x00000000e0000000, 0x00000000e2a80000, 0x0000000100000000)
  eden space 33280K, 0% used [0x00000000e0000000,0x00000000e0000000,0x00000000e2080000)
  from space 5120K, 99% used [0x00000000e2080000,0x00000000e257d558,0x00000000e2580000)
  to   space 5120K, 0% used [0x00000000e2580000,0x00000000e2580000,0x00000000e2a80000)
 ParOldGen       total 87552K, used 2822K [0x00000000a0000000, 0x00000000a5580000, 0x00000000e0000000)
  object space 87552K, 3% used [0x00000000a0000000,0x00000000a02c1bc0,0x00000000a5580000)
 Metaspace       used 14513K, capacity 15010K, committed 15232K, reserved 1062912K
  class space    used 2020K, capacity 2159K, committed 2176K, reserved 1048576K
}

Deoptimization events (10 events):
Event: 1.808 Thread 0x0000000002ffd800 Uncommon trap: reason=bimorphic action=maybe_recompile pc=0x0000000003273710 method=java.util.HashMap.putVal(ILjava/lang/Object;Ljava/lang/Object;ZZ)Ljava/lang/Object; @ 91
Event: 1.976 Thread 0x0000000002ffd800 Uncommon trap: reason=bimorphic action=maybe_recompile pc=0x000000000334a554 method=java.util.HashMap.putVal(ILjava/lang/Object;Ljava/lang/Object;ZZ)Ljava/lang/Object; @ 203
Event: 2.167 Thread 0x0000000002ffd800 Uncommon trap: reason=unstable_if action=reinterpret pc=0x00000000032df3f0 method=java.io.WinNTFileSystem.normalize(Ljava/lang/String;)Ljava/lang/String; @ 128
Event: 2.167 Thread 0x0000000002ffd800 Uncommon trap: reason=unstable_if action=reinterpret pc=0x0000000003338a84 method=java.io.WinNTFileSystem.normalize(Ljava/lang/String;II)Ljava/lang/String; @ 90
Event: 2.950 Thread 0x0000000019685000 Uncommon trap: reason=unstable_if action=reinterpret pc=0x00000000033a7754 method=java.util.concurrent.ConcurrentHashMap.putVal(Ljava/lang/Object;Ljava/lang/Object;Z)Ljava/lang/Object; @ 206
Event: 3.065 Thread 0x00000000196ca000 Uncommon trap: reason=bimorphic action=maybe_recompile pc=0x0000000003349e98 method=java.util.HashMap.putVal(ILjava/lang/Object;Ljava/lang/Object;ZZ)Ljava/lang/Object; @ 253
Event: 3.065 Thread 0x00000000196ca000 Uncommon trap: reason=bimorphic action=maybe_recompile pc=0x0000000003349e98 method=java.util.HashMap.putVal(ILjava/lang/Object;Ljava/lang/Object;ZZ)Ljava/lang/Object; @ 253
Event: 3.088 Thread 0x00000000196ca000 Uncommon trap: reason=class_check action=maybe_recompile pc=0x000000000326fcdc method=java.util.regex.Matcher.match(II)Z @ 86
Event: 3.659 Thread 0x00000000196ca000 Uncommon trap: reason=class_check action=maybe_recompile pc=0x000000000326fcdc method=java.util.regex.Matcher.match(II)Z @ 86
Event: 3.755 Thread 0x00000000196ca000 Uncommon trap: reason=unstable_if action=reinterpret pc=0x0000000003495174 method=java.lang.String.lastIndexOf([CII[CIII)I @ 66

Classes redefined (0 events):
No events

Internal exceptions (10 events):
Event: 2.971 Thread 0x0000000019685000 Exception <a 'java/lang/NoSuchMethodError': <clinit>> (0x00000000e00f2cd8) thrown at [D:\src\AOSP-openjdk-cygwin\jdk8u\hotspot\src\share\vm\prims\jni.cpp, line 1613]
Event: 2.972 Thread 0x0000000019685000 Exception <a 'java/lang/NoSuchMethodError': <clinit>> (0x00000000e00fb7a0) thrown at [D:\src\AOSP-openjdk-cygwin\jdk8u\hotspot\src\share\vm\prims\jni.cpp, line 1613]
Event: 2.974 Thread 0x0000000019685000 Exception <a 'java/lang/NoSuchMethodError': <clinit>> (0x00000000e010cf80) thrown at [D:\src\AOSP-openjdk-cygwin\jdk8u\hotspot\src\share\vm\prims\jni.cpp, line 1613]
Event: 2.999 Thread 0x0000000019685000 Exception <a 'java/lang/NoSuchMethodError': <clinit>> (0x00000000e0171b00) thrown at [D:\src\AOSP-openjdk-cygwin\jdk8u\hotspot\src\share\vm\prims\jni.cpp, line 1613]
Event: 3.002 Thread 0x0000000019685000 Exception <a 'java/lang/NoSuchMethodError': <clinit>> (0x00000000e0195458) thrown at [D:\src\AOSP-openjdk-cygwin\jdk8u\hotspot\src\share\vm\prims\jni.cpp, line 1613]
Event: 3.010 Thread 0x0000000019685000 Exception <a 'java/lang/NoSuchMethodError': <clinit>> (0x00000000e01bf4a0) thrown at [D:\src\AOSP-openjdk-cygwin\jdk8u\hotspot\src\share\vm\prims\jni.cpp, line 1613]
Event: 3.011 Thread 0x0000000019685000 Exception <a 'java/lang/NoSuchMethodError': <clinit>> (0x00000000e01cd030) thrown at [D:\src\AOSP-openjdk-cygwin\jdk8u\hotspot\src\share\vm\prims\jni.cpp, line 1613]
Event: 3.016 Thread 0x0000000019685000 Exception <a 'java/lang/NoSuchMethodError': <clinit>> (0x00000000e01efcc0) thrown at [D:\src\AOSP-openjdk-cygwin\jdk8u\hotspot\src\share\vm\prims\jni.cpp, line 1613]
Event: 3.048 Thread 0x00000000196ca000 Exception <a 'java/lang/NoSuchMethodError': <clinit>> (0x00000000e0360ee0) thrown at [D:\src\AOSP-openjdk-cygwin\jdk8u\hotspot\src\share\vm\prims\jni.cpp, line 1613]
Event: 3.049 Thread 0x00000000196ca000 Exception <a 'java/lang/NoSuchMethodError': <clinit>> (0x00000000e0369168) thrown at [D:\src\AOSP-openjdk-cygwin\jdk8u\hotspot\src\share\vm\prims\jni.cpp, line 1613]

Events (10 events):
Event: 4.056 loading class org/gradle/caching/internal/tasks/TaskOutputPacker
Event: 4.056 loading class org/gradle/caching/internal/tasks/TaskOutputPacker done
Event: 4.057 loading class org/gradle/caching/internal/tasks/origin/TaskOutputOriginFactory
Event: 4.057 loading class org/gradle/caching/internal/tasks/origin/TaskOutputOriginFactory done
Event: 4.057 loading class org/gradle/internal/service/scopes/GradleScopeServices$1
Event: 4.057 loading class org/gradle/internal/service/scopes/GradleScopeServices$1 done
Event: 4.057 loading class org/gradle/language/java/internal/JavaLanguagePluginServiceRegistry$JavaGradleScopeServices
Event: 4.057 loading class org/gradle/language/java/internal/JavaLanguagePluginServiceRegistry$JavaGradleScopeServices done
Event: 4.058 loading class org/gradle/api/internal/tasks/compile/AnnotationProcessorDetector
Event: 4.058 loading class org/gradle/api/internal/tasks/compile/AnnotationProcessorDetector done


Dynamic libraries:
0x00007ff76dbd0000 - 0x00007ff76dc01000 	E:\Android\Android Studio\jre\bin\java.exe
0x00007ffb87610000 - 0x00007ffb877e0000 	C:\Windows\SYSTEM32\ntdll.dll
0x00007ffb87490000 - 0x00007ffb8753c000 	C:\Windows\System32\KERNEL32.DLL
0x00007ffb84410000 - 0x00007ffb8462d000 	C:\Windows\System32\KERNELBASE.dll
0x00007ffb84d30000 - 0x00007ffb84dd2000 	C:\Windows\System32\ADVAPI32.dll
0x00007ffb84f10000 - 0x00007ffb84fae000 	C:\Windows\System32\msvcrt.dll
0x00007ffb875b0000 - 0x00007ffb87609000 	C:\Windows\System32\sechost.dll
0x00007ffb84fb0000 - 0x00007ffb850d1000 	C:\Windows\System32\RPCRT4.dll
0x00007ffb85180000 - 0x00007ffb852e5000 	C:\Windows\System32\USER32.dll
0x00007ffb83b40000 - 0x00007ffb83b5e000 	C:\Windows\System32\win32u.dll
0x00007ffb86a60000 - 0x00007ffb86a94000 	C:\Windows\System32\GDI32.dll
0x00007ffb84630000 - 0x00007ffb847b1000 	C:\Windows\System32\gdi32full.dll
0x00007ffb76a50000 - 0x00007ffb76cca000 	C:\Windows\WinSxS\amd64_microsoft.windows.common-controls_6595b64144ccf1df_6.0.14393.2608_none_7ddacc7e8347078e\COMCTL32.dll
0x00007ffb871c0000 - 0x00007ffb87485000 	C:\Windows\System32\combase.dll
0x00007ffb848e0000 - 0x00007ffb849d5000 	C:\Windows\System32\ucrtbase.dll
0x00007ffb83910000 - 0x00007ffb8397a000 	C:\Windows\System32\bcryptPrimitives.dll
0x00007ffb84b40000 - 0x00007ffb84b6e000 	C:\Windows\System32\IMM32.DLL
0x000000005efd0000 - 0x000000005f0a2000 	E:\Android\Android Studio\jre\jre\bin\msvcr100.dll
0x00000000617f0000 - 0x000000006202f000 	E:\Android\Android Studio\jre\jre\bin\server\jvm.dll
0x00007ffb84810000 - 0x00007ffb84833000 	C:\Windows\System32\WINMM.dll
0x00007ffb83880000 - 0x00007ffb838ab000 	C:\Windows\System32\WINMMBASE.dll
0x00007ffb838c0000 - 0x00007ffb83902000 	C:\Windows\System32\cfgmgr32.dll
0x00007ffb87540000 - 0x00007ffb87548000 	C:\Windows\System32\PSAPI.DLL
0x00007ffb78ee0000 - 0x00007ffb78ee9000 	C:\Windows\SYSTEM32\WSOCK32.dll
0x00007ffb86800000 - 0x00007ffb8686a000 	C:\Windows\System32\WS2_32.dll
0x00007ffb82e40000 - 0x00007ffb82e4a000 	C:\Windows\SYSTEM32\VERSION.dll
0x00007ffb78ed0000 - 0x00007ffb78edf000 	E:\Android\Android Studio\jre\jre\bin\verify.dll
0x00007ffb78ea0000 - 0x00007ffb78ec9000 	E:\Android\Android Studio\jre\jre\bin\java.dll
0x00007ffb74430000 - 0x00007ffb74446000 	E:\Android\Android Studio\jre\jre\bin\zip.dll
0x00007ffb852f0000 - 0x00007ffb867f5000 	C:\Windows\System32\SHELL32.dll
0x00007ffb83d30000 - 0x00007ffb84409000 	C:\Windows\System32\windows.storage.dll
0x00007ffb847c0000 - 0x00007ffb8480c000 	C:\Windows\System32\powrprof.dll
0x00007ffb84de0000 - 0x00007ffb84e32000 	C:\Windows\System32\shlwapi.dll
0x00007ffb83850000 - 0x00007ffb8385f000 	C:\Windows\System32\kernel.appcore.dll
0x00007ffb83980000 - 0x00007ffb83a29000 	C:\Windows\System32\shcore.dll
0x00007ffb83860000 - 0x00007ffb83874000 	C:\Windows\System32\profapi.dll
0x00007ffb74240000 - 0x00007ffb7425a000 	E:\Android\Android Studio\jre\jre\bin\net.dll
0x00007ffb82dc0000 - 0x00007ffb82e1c000 	C:\Windows\system32\mswsock.dll
0x00007ffb73d50000 - 0x00007ffb73d61000 	E:\Android\Android Studio\jre\jre\bin\nio.dll
0x00007ffb79230000 - 0x00007ffb7924e000 	C:\Users\IamCc\.gradle\native\25\windows-amd64\native-platform.dll
0x00007ffb79070000 - 0x00007ffb7907d000 	E:\Android\Android Studio\jre\jre\bin\management.dll
0x00007ffb832a0000 - 0x00007ffb832b7000 	C:\Windows\SYSTEM32\CRYPTSP.dll
0x00007ffb829a0000 - 0x00007ffb829d3000 	C:\Windows\system32\rsaenh.dll
0x00007ffb832c0000 - 0x00007ffb832eb000 	C:\Windows\SYSTEM32\bcrypt.dll
0x00007ffb82c10000 - 0x00007ffb82c2f000 	C:\Windows\SYSTEM32\USERENV.dll
0x00007ffb83000000 - 0x00007ffb8300b000 	C:\Windows\SYSTEM32\CRYPTBASE.dll
0x00007ffb82b20000 - 0x00007ffb82b58000 	C:\Windows\SYSTEM32\IPHLPAPI.DLL
0x00007ffb871b0000 - 0x00007ffb871b8000 	C:\Windows\System32\NSI.dll
0x00007ffb7f3d0000 - 0x00007ffb7f3e6000 	C:\Windows\SYSTEM32\dhcpcsvc6.DLL
0x00007ffb7f3b0000 - 0x00007ffb7f3ca000 	C:\Windows\SYSTEM32\dhcpcsvc.DLL
0x00007ffb643b0000 - 0x00007ffb64542000 	C:\Windows\SYSTEM32\dbghelp.dll

VM Arguments:
jvm_args: -Xmx1536m -Dfile.encoding=GBK -Duser.country=CN -Duser.language=zh -Duser.variant 
java_command: org.gradle.launcher.daemon.bootstrap.GradleDaemon 4.4
java_class_path (initial): C:\Users\IamCc\.gradle\wrapper\dists\gradle-4.4-all\9br9xq1tocpiv8o6njlyu5op1\gradle-4.4\lib\gradle-launcher-4.4.jar
Launcher Type: SUN_STANDARD

Environment Variables:
JAVA_HOME=E:\JDK1.8
CLASSPATH=.;E:\JDK1.8\lib\dt.jar;E:\JDK1.8\lib\tools.jar
PATH=C:\Windows\system32;C:\Windows;C:\Windows\System32\Wbem;C:\Windows\System32\WindowsPowerShell\v1.0\;E:\JDK1.8\bin;E:\JDK1.8\jre\bin;F:\MySql5.5\bin;F:\Jar_Extentions\apache-maven-3.5.4\bin;E:\Microsoft SQL Server\120\DTS\Binn\;E:\Microsoft SQL Server\Client SDK\ODBC\110\Tools\Binn\;E:\Program Files (x86)\Microsoft SQL Server\120\Tools\Binn\;E:\Microsoft SQL Server\120\Tools\Binn\;E:\Program Files (x86)\Microsoft SQL Server\120\Tools\Binn\ManagementStudio\;E:\Program Files (x86)\Microsoft SQL Server\120\DTS\Binn\;E:\Git\cmd;E:\TortoiseGit\bin;C:\Program Files\MySQL\MySQL Utilities 1.6\;C:\Program Files\dotnet\;E:\Microsoft SQL Server\130\Tools\Binn\;C:\Program Files\nodejs\;F:\nodejs\X64\node_global;E:\Python3.7\Scripts\;E:\Python3.7\;C:\Users\IamCc\AppData\Local\Microsoft\WindowsApps;C:\Users\IamCc\AppData\Roaming\npm;C:\Programs\Microsoft VS Code\bin;C:\Users\IamCc\AppData\Local\GitHubDesktop\bin
USERNAME=IamCc
OS=Windows_NT
PROCESSOR_IDENTIFIER=Intel64 Family 6 Model 60 Stepping 3, GenuineIntel



---------------  S Y S T E M  ---------------

OS: Windows 10.0 , 64 bit Build 14393 (10.0.14393.2608)

CPU:total 4 (initial active 4) (2 cores per cpu, 2 threads per core) family 6 model 60 stepping 3, cmov, cx8, fxsr, mmx, sse, sse2, sse3, ssse3, sse4.1, sse4.2, popcnt, avx, avx2, aes, clmul, erms, lzcnt, ht, tsc, tscinvbit, bmi1, bmi2

Memory: 4k page, physical 8302956k(4758464k free), swap 14594412k(10672984k free)

vm_info: OpenJDK 64-Bit Server VM (25.152-b02) for windows-amd64 JRE (1.8.0_152-release-1024-b02), built by "builder" with MS VC++ 10.0 (VS2010)

time: Tue Jan 01 14:40:35 2019
elapsed time: 4 seconds (0d 0h 0m 4s)

